build/app/intermediates/manifest_merge_blame_file/debug/processDebugMainManifest/manifest-merger-blame-debug-report.txt
1<?xml version="1.0" encoding="utf-8"?>
2<manifest xmlns:android="http://schemas.android.com/apk/res/android"
3    package="com.banglasahitya.app"
4    android:versionCode="1"
5    android:versionName="0.1.0" >
6
7    <uses-sdk
8        android:minSdkVersion="24"
9        android:targetSdkVersion="36" />
10    <!--
11         The INTERNET permission is required for development. Specifically,
12         the Flutter tool needs it to communicate with the running application
13         to allow setting breakpoints, to provide hot reload, etc.
14    -->
15    <uses-permission android:name="android.permission.INTERNET" />
15-->src/debug/AndroidManifest.xml:5:5-66
15-->src/debug/AndroidManifest.xml:5:22-64
16
17    <permission
17-->[androidx.core:core:1.13.1] AndroidManifest.xml:22:5-24:47
18        android:name="com.banglasahitya.app.DYNAMIC_RECEIVER_NOT_EXPORTED_PERMISSION"
18-->[androidx.core:core:1.13.1] AndroidManifest.xml:23:9-81
19        android:protectionLevel="signature" />
19-->[androidx.core:core:1.13.1] AndroidManifest.xml:24:9-44
20
21    <uses-permission android:name="com.banglasahitya.app.DYNAMIC_RECEIVER_NOT_EXPORTED_PERMISSION" />
21-->[androidx.core:core:1.13.1] AndroidManifest.xml:26:5-97
21-->[androidx.core:core:1.13.1] AndroidManifest.xml:26:22-94
22
23    <application
24        android:name="android.app.Application"
25        android:appComponentFactory="androidx.core.app.CoreComponentFactory"
25-->[androidx.core:core:1.13.1] AndroidManifest.xml:28:18-86
26        android:debuggable="true"
27        android:extractNativeLibs="false"
28        android:icon="@mipmap/ic_launcher"
29        android:label="বাংলা সাহিত্য" >
30        <activity
31            android:name="com.banglasahitya.app.MainActivity"
32            android:configChanges="orientation|keyboardHidden|keyboard|screenSize|smallestScreenSize|locale|layoutDirection|fontScale|screenLayout|density|uiMode"
33            android:exported="true"
34            android:hardwareAccelerated="true"
35            android:launchMode="singleTop"
36            android:taskAffinity=""
37            android:theme="@style/LaunchTheme"
38            android:windowSoftInputMode="adjustResize" >
39
40            <!--
41                 Specifies an Android theme to apply to this Activity as soon as
42                 the Android process has started. This theme is visible to the user
43                 while the Flutter UI initializes. After that, this theme continues
44                 to determine the Window background behind the Flutter UI.
45            -->
46            <meta-data
47                android:name="io.flutter.embedding.android.NormalTheme"
48                android:resource="@style/NormalTheme" />
49
50            <intent-filter>
51                <action android:name="android.intent.action.MAIN" />
52
53                <category android:name="android.intent.category.LAUNCHER" />
54            </intent-filter>
55        </activity>
56        <!--
57             Don't delete the meta-data below.
58             This is used by the Flutter tool to generate GeneratedPluginRegistrant.java
59        -->
60        <meta-data
61            android:name="flutterEmbedding"
62            android:value="2" />
63
64        <uses-library
64-->[androidx.window:window:1.2.0] AndroidManifest.xml:23:9-25:40
65            android:name="androidx.window.extensions"
65-->[androidx.window:window:1.2.0] AndroidManifest.xml:24:13-54
66            android:required="false" />
66-->[androidx.window:window:1.2.0] AndroidManifest.xml:25:13-37
67        <uses-library
67-->[androidx.window:window:1.2.0] AndroidManifest.xml:26:9-28:40
68            android:name="androidx.window.sidecar"
68-->[androidx.window:window:1.2.0] AndroidManifest.xml:27:13-51
69            android:required="false" />
69-->[androidx.window:window:1.2.0] AndroidManifest.xml:28:13-37
70
71        <provider
71-->[androidx.lifecycle:lifecycle-process:2.7.0] AndroidManifest.xml:24:9-32:20
72            android:name="androidx.startup.InitializationProvider"
72-->[androidx.lifecycle:lifecycle-process:2.7.0] AndroidManifest.xml:25:13-67
73            android:authorities="com.banglasahitya.app.androidx-startup"
73-->[androidx.lifecycle:lifecycle-process:2.7.0] AndroidManifest.xml:26:13-68
74            android:exported="false" >
74-->[androidx.lifecycle:lifecycle-process:2.7.0] AndroidManifest.xml:27:13-37
75            <meta-data
75-->[androidx.lifecycle:lifecycle-process:2.7.0] AndroidManifest.xml:29:13-31:52
76                android:name="androidx.lifecycle.ProcessLifecycleInitializer"
76-->[androidx.lifecycle:lifecycle-process:2.7.0] AndroidManifest.xml:30:17-78
77                android:value="androidx.startup" />
77-->[androidx.lifecycle:lifecycle-process:2.7.0] AndroidManifest.xml:31:17-49
78            <meta-data
78-->[androidx.profileinstaller:profileinstaller:1.3.1] AndroidManifest.xml:29:13-31:52
79                android:name="androidx.profileinstaller.ProfileInstallerInitializer"
79-->[androidx.profileinstaller:profileinstaller:1.3.1] AndroidManifest.xml:30:17-85
80                android:value="androidx.startup" />
80-->[androidx.profileinstaller:profileinstaller:1.3.1] AndroidManifest.xml:31:17-49
81        </provider>
82
83        <receiver
83-->[androidx.profileinstaller:profileinstaller:1.3.1] AndroidManifest.xml:34:9-52:20
84            android:name="androidx.profileinstaller.ProfileInstallReceiver"
84-->[androidx.profileinstaller:profileinstaller:1.3.1] AndroidManifest.xml:35:13-76
85            android:directBootAware="false"
85-->[androidx.profileinstaller:profileinstaller:1.3.1] AndroidManifest.xml:36:13-44
86            android:enabled="true"
86-->[androidx.profileinstaller:profileinstaller:1.3.1] AndroidManifest.xml:37:13-35
87            android:exported="true"
87-->[androidx.profileinstaller:profileinstaller:1.3.1] AndroidManifest.xml:38:13-36
88            android:permission="android.permission.DUMP" >
88-->[androidx.profileinstaller:profileinstaller:1.3.1] AndroidManifest.xml:39:13-57
89            <intent-filter>
89-->[androidx.profileinstaller:profileinstaller:1.3.1] AndroidManifest.xml:40:13-42:29
90                <action android:name="androidx.profileinstaller.action.INSTALL_PROFILE" />
90-->[androidx.profileinstaller:profileinstaller:1.3.1] AndroidManifest.xml:41:17-91
90-->[androidx.profileinstaller:profileinstaller:1.3.1] AndroidManifest.xml:41:25-88
91            </intent-filter>
92            <intent-filter>
92-->[androidx.profileinstaller:profileinstaller:1.3.1] AndroidManifest.xml:43:13-45:29
93                <action android:name="androidx.profileinstaller.action.SKIP_FILE" />
93-->[androidx.profileinstaller:profileinstaller:1.3.1] AndroidManifest.xml:44:17-85
93-->[androidx.profileinstaller:profileinstaller:1.3.1] AndroidManifest.xml:44:25-82
94            </intent-filter>
95            <intent-filter>
95-->[androidx.profileinstaller:profileinstaller:1.3.1] AndroidManifest.xml:46:13-48:29
96                <action android:name="androidx.profileinstaller.action.SAVE_PROFILE" />
96-->[androidx.profileinstaller:profileinstaller:1.3.1] AndroidManifest.xml:47:17-88
96-->[androidx.profileinstaller:profileinstaller:1.3.1] AndroidManifest.xml:47:25-85
97            </intent-filter>
98            <intent-filter>
98-->[androidx.profileinstaller:profileinstaller:1.3.1] AndroidManifest.xml:49:13-51:29
99                <action android:name="androidx.profileinstaller.action.BENCHMARK_OPERATION" />
99-->[androidx.profileinstaller:profileinstaller:1.3.1] AndroidManifest.xml:50:17-95
99-->[androidx.profileinstaller:profileinstaller:1.3.1] AndroidManifest.xml:50:25-92
100            </intent-filter>
101        </receiver>
102    </application>
103
104</manifest>